<?xml version="1.0" encoding="UTF-8"?>
<testsuite xmlns:xsi="http://www.w3.org/2001/XMLSchema-instance" xsi:noNamespaceSchemaLocation="https://maven.apache.org/surefire/maven-surefire-plugin/xsd/surefire-test-report-3.0.xsd" version="3.0" name="TestSuite" time="114.657" tests="7" errors="0" skipped="0" failures="6">
  <properties>
[...]
</properties>
  <testcase name="runScenario[&quot;Searching Hand Tools by Category&quot;, &quot;Categories dropwdown scenarios&quot;](1)" classname="org.example.runner.CucumberRunnerTests1" time="21.488">
    <failure message="expected [true] but found [false]" type="java.lang.AssertionError"><![CDATA[java.lang.AssertionError: expected [true] but found [false]
	at org.testng.Assert.fail(Assert.java:111)
	at org.testng.Assert.failNotEquals(Assert.java:1578)
	at org.testng.Assert.assertTrue(Assert.java:57)
	at org.testng.Assert.assertTrue(Assert.java:67)
	at org.example.step_definitions.CategoriesDropdown_Steps.only_should_appear_on_page_and_nothing_else(CategoriesDropdown_Steps.java:55)
	at ✽.only 7 'Hammers' should appear on page and nothing else(file:///C:/Users/Panonit/Desktop/cucumber-demo-webapp/src/test/resources/features/Categories.feature:8)
]]></failure>
    <system-out><![CDATA[14:19:11.764 [main] DEBUG org.testng.TestNG -- suiteXmlPath: "C:\Users\Panonit\Desktop\cucumber-demo-webapp\src\test\resources\test-suites\testng.xml"

Scenario Outline: Searching Hand Tools by Category                   # src/test/resources/features/Categories.feature:12
14:19:14.223 [TestNG-PoolService-1] DEBUG io.github.bonigarcia.wdm.WebDriverManager -- Using WebDriverManager 5.6.3
14:19:14.945 [TestNG-PoolService-1] DEBUG io.github.bonigarcia.wdm.cache.ResolutionCache -- Resolution chrome=121 in cache (valid until 14:34:53 09/02/2024 CET)
14:19:14.946 [TestNG-PoolService-1] DEBUG io.github.bonigarcia.wdm.cache.ResolutionCache -- Resolution chrome121=121.0.6167.85 in cache (valid until 13:34:53 10/02/2024 CET)
14:19:14.947 [TestNG-PoolService-1] INFO io.github.bonigarcia.wdm.WebDriverManager -- Using chromedriver 121.0.6167.85 (resolved driver for Chrome 121)
14:19:14.984 [TestNG-PoolService-1] DEBUG io.github.bonigarcia.wdm.WebDriverManager -- Driver chromedriver 121.0.6167.85 found in cache
14:19:14.985 [TestNG-PoolService-1] INFO io.github.bonigarcia.wdm.WebDriverManager -- Exporting webdriver.chrome.driver as C:\Users\Panonit\.cache\selenium\chromedriver\win64\121.0.6167.85\chromedriver.exe
  Given I am on the Home Page                                        # org.example.step_definitions.CategoriesDropdown_Steps.i_am_on_the_home_page()
  When I click on the Categories button and pick Hand Tools Category # org.example.step_definitions.CategoriesDropdown_Steps.i_click_on_the_categories_button_and_pick_hand_tools_category()
  And Pick 'Hammer' Category                                         # org.example.step_definitions.CategoriesDropdown_Steps.pick_category(java.lang.String)
  Then only 7 'Hammers' should appear on page and nothing else       # org.example.step_definitions.CategoriesDropdown_Steps.only_should_appear_on_page_and_nothing_else(java.lang.Integer,java.lang.String)
      java.lang.AssertionError: expected [true] but found [false]
	at org.testng.Assert.fail(Assert.java:111)
	at org.testng.Assert.failNotEquals(Assert.java:1578)
	at org.testng.Assert.assertTrue(Assert.java:57)
	at org.testng.Assert.assertTrue(Assert.java:67)
	at org.example.step_definitions.CategoriesDropdown_Steps.only_should_appear_on_page_and_nothing_else(CategoriesDropdown_Steps.java:55)
	at âœ½.only 7 'Hammers' should appear on page and nothing else(file:///C:/Users/Panonit/Desktop/cucumber-demo-webapp/src/test/resources/features/Categories.feature:8)


    Embedding screenshot [image/png 507810 bytes]

]]></system-out>
  </testcase>
  <testcase name="runScenario[&quot;Searching Hand Tools by Category&quot;, &quot;Categories dropwdown scenarios&quot;](2)" classname="org.example.runner.CucumberRunnerTests1" time="14.596">
    <failure message="expected [true] but found [false]" type="java.lang.AssertionError"><![CDATA[java.lang.AssertionError: expected [true] but found [false]
	at org.testng.Assert.fail(Assert.java:111)
	at org.testng.Assert.failNotEquals(Assert.java:1578)
	at org.testng.Assert.assertTrue(Assert.java:57)
	at org.testng.Assert.assertTrue(Assert.java:67)
	at org.example.step_definitions.CategoriesDropdown_Steps.only_should_appear_on_page_and_nothing_else(CategoriesDropdown_Steps.java:55)
	at ✽.only 1 'Hand Saws' should appear on page and nothing else(file:///C:/Users/Panonit/Desktop/cucumber-demo-webapp/src/test/resources/features/Categories.feature:8)
]]></failure>
    <system-out><![CDATA[
Scenario Outline: Searching Hand Tools by Category                   # src/test/resources/features/Categories.feature:13
14:19:35.484 [TestNG-PoolService-1] DEBUG io.github.bonigarcia.wdm.WebDriverManager -- Using WebDriverManager 5.6.3
14:19:35.508 [TestNG-PoolService-1] DEBUG io.github.bonigarcia.wdm.cache.ResolutionCache -- Resolution chrome=121 in cache (valid until 14:34:53 09/02/2024 CET)
14:19:35.510 [TestNG-PoolService-1] DEBUG io.github.bonigarcia.wdm.cache.ResolutionCache -- Resolution chrome121=121.0.6167.85 in cache (valid until 13:34:53 10/02/2024 CET)
14:19:35.510 [TestNG-PoolService-1] INFO io.github.bonigarcia.wdm.WebDriverManager -- Using chromedriver 121.0.6167.85 (resolved driver for Chrome 121)
14:19:35.522 [TestNG-PoolService-1] DEBUG io.github.bonigarcia.wdm.WebDriverManager -- Driver chromedriver 121.0.6167.85 found in cache
14:19:35.523 [TestNG-PoolService-1] INFO io.github.bonigarcia.wdm.WebDriverManager -- Exporting webdriver.chrome.driver as C:\Users\Panonit\.cache\selenium\chromedriver\win64\121.0.6167.85\chromedriver.exe
  Given I am on the Home Page                                        # org.example.step_definitions.CategoriesDropdown_Steps.i_am_on_the_home_page()
  When I click on the Categories button and pick Hand Tools Category # org.example.step_definitions.CategoriesDropdown_Steps.i_click_on_the_categories_button_and_pick_hand_tools_category()
  And Pick 'Hand Saw' Category                                       # org.example.step_definitions.CategoriesDropdown_Steps.pick_category(java.lang.String)
  Then only 1 'Hand Saws' should appear on page and nothing else     # org.example.step_definitions.CategoriesDropdown_Steps.only_should_appear_on_page_and_nothing_else(java.lang.Integer,java.lang.String)
      java.lang.AssertionError: expected [true] but found [false]
	at org.testng.Assert.fail(Assert.java:111)
	at org.testng.Assert.failNotEquals(Assert.java:1578)
	at org.testng.Assert.assertTrue(Assert.java:57)
	at org.testng.Assert.assertTrue(Assert.java:67)
	at org.example.step_definitions.CategoriesDropdown_Steps.only_should_appear_on_page_and_nothing_else(CategoriesDropdown_Steps.java:55)
	at âœ½.only 1 'Hand Saws' should appear on page and nothing else(file:///C:/Users/Panonit/Desktop/cucumber-demo-webapp/src/test/resources/features/Categories.feature:8)


    Embedding screenshot [image/png 141622 bytes]

]]></system-out>
  </testcase>
  <testcase name="runScenario[&quot;Searching Hand Tools by Category&quot;, &quot;Categories dropwdown scenarios&quot;](3)" classname="org.example.runner.CucumberRunnerTests1" time="14.448">
    <failure message="expected [true] but found [false]" type="java.lang.AssertionError"><![CDATA[java.lang.AssertionError: expected [true] but found [false]
	at org.testng.Assert.fail(Assert.java:111)
	at org.testng.Assert.failNotEquals(Assert.java:1578)
	at org.testng.Assert.assertTrue(Assert.java:57)
	at org.testng.Assert.assertTrue(Assert.java:67)
	at org.example.step_definitions.CategoriesDropdown_Steps.only_should_appear_on_page_and_nothing_else(CategoriesDropdown_Steps.java:55)
	at ✽.only 3 'Wrenches' should appear on page and nothing else(file:///C:/Users/Panonit/Desktop/cucumber-demo-webapp/src/test/resources/features/Categories.feature:8)
]]></failure>
    <system-out><![CDATA[
Scenario Outline: Searching Hand Tools by Category                   # src/test/resources/features/Categories.feature:14
14:19:50.109 [TestNG-PoolService-1] DEBUG io.github.bonigarcia.wdm.WebDriverManager -- Using WebDriverManager 5.6.3
14:19:50.141 [TestNG-PoolService-1] DEBUG io.github.bonigarcia.wdm.cache.ResolutionCache -- Resolution chrome=121 in cache (valid until 14:34:53 09/02/2024 CET)
14:19:50.142 [TestNG-PoolService-1] DEBUG io.github.bonigarcia.wdm.cache.ResolutionCache -- Resolution chrome121=121.0.6167.85 in cache (valid until 13:34:53 10/02/2024 CET)
14:19:50.143 [TestNG-PoolService-1] INFO io.github.bonigarcia.wdm.WebDriverManager -- Using chromedriver 121.0.6167.85 (resolved driver for Chrome 121)
14:19:50.158 [TestNG-PoolService-1] DEBUG io.github.bonigarcia.wdm.WebDriverManager -- Driver chromedriver 121.0.6167.85 found in cache
14:19:50.159 [TestNG-PoolService-1] INFO io.github.bonigarcia.wdm.WebDriverManager -- Exporting webdriver.chrome.driver as C:\Users\Panonit\.cache\selenium\chromedriver\win64\121.0.6167.85\chromedriver.exe
  Given I am on the Home Page                                        # org.example.step_definitions.CategoriesDropdown_Steps.i_am_on_the_home_page()
  When I click on the Categories button and pick Hand Tools Category # org.example.step_definitions.CategoriesDropdown_Steps.i_click_on_the_categories_button_and_pick_hand_tools_category()
  And Pick 'Wrench' Category                                         # org.example.step_definitions.CategoriesDropdown_Steps.pick_category(java.lang.String)
  Then only 3 'Wrenches' should appear on page and nothing else      # org.example.step_definitions.CategoriesDropdown_Steps.only_should_appear_on_page_and_nothing_else(java.lang.Integer,java.lang.String)
      java.lang.AssertionError: expected [true] but found [false]
	at org.testng.Assert.fail(Assert.java:111)
	at org.testng.Assert.failNotEquals(Assert.java:1578)
	at org.testng.Assert.assertTrue(Assert.java:57)
	at org.testng.Assert.assertTrue(Assert.java:67)
	at org.example.step_definitions.CategoriesDropdown_Steps.only_should_appear_on_page_and_nothing_else(CategoriesDropdown_Steps.java:55)
	at âœ½.only 3 'Wrenches' should appear on page and nothing else(file:///C:/Users/Panonit/Desktop/cucumber-demo-webapp/src/test/resources/features/Categories.feature:8)


    Embedding screenshot [image/png 182356 bytes]

]]></system-out>
  </testcase>
  <testcase name="runScenario[&quot;Searching Hand Tools by Category&quot;, &quot;Categories dropwdown scenarios&quot;](4)" classname="org.example.runner.CucumberRunnerTests1" time="15.18">
    <failure message="expected [true] but found [false]" type="java.lang.AssertionError"><![CDATA[java.lang.AssertionError: expected [true] but found [false]
	at org.testng.Assert.fail(Assert.java:111)
	at org.testng.Assert.failNotEquals(Assert.java:1578)
	at org.testng.Assert.assertTrue(Assert.java:57)
	at org.testng.Assert.assertTrue(Assert.java:67)
	at org.example.step_definitions.CategoriesDropdown_Steps.only_should_appear_on_page_and_nothing_else(CategoriesDropdown_Steps.java:55)
	at ✽.only 2 'Screwdrivers' should appear on page and nothing else(file:///C:/Users/Panonit/Desktop/cucumber-demo-webapp/src/test/resources/features/Categories.feature:8)
]]></failure>
    <system-out><![CDATA[
Scenario Outline: Searching Hand Tools by Category                   # src/test/resources/features/Categories.feature:15
14:20:04.554 [TestNG-PoolService-1] DEBUG io.github.bonigarcia.wdm.WebDriverManager -- Using WebDriverManager 5.6.3
14:20:04.570 [TestNG-PoolService-1] DEBUG io.github.bonigarcia.wdm.cache.ResolutionCache -- Resolution chrome=121 in cache (valid until 14:34:53 09/02/2024 CET)
14:20:04.571 [TestNG-PoolService-1] DEBUG io.github.bonigarcia.wdm.cache.ResolutionCache -- Resolution chrome121=121.0.6167.85 in cache (valid until 13:34:53 10/02/2024 CET)
14:20:04.571 [TestNG-PoolService-1] INFO io.github.bonigarcia.wdm.WebDriverManager -- Using chromedriver 121.0.6167.85 (resolved driver for Chrome 121)
14:20:04.583 [TestNG-PoolService-1] DEBUG io.github.bonigarcia.wdm.WebDriverManager -- Driver chromedriver 121.0.6167.85 found in cache
14:20:04.584 [TestNG-PoolService-1] INFO io.github.bonigarcia.wdm.WebDriverManager -- Exporting webdriver.chrome.driver as C:\Users\Panonit\.cache\selenium\chromedriver\win64\121.0.6167.85\chromedriver.exe
  Given I am on the Home Page                                        # org.example.step_definitions.CategoriesDropdown_Steps.i_am_on_the_home_page()
  When I click on the Categories button and pick Hand Tools Category # org.example.step_definitions.CategoriesDropdown_Steps.i_click_on_the_categories_button_and_pick_hand_tools_category()
  And Pick 'Screwdriver' Category                                    # org.example.step_definitions.CategoriesDropdown_Steps.pick_category(java.lang.String)
  Then only 2 'Screwdrivers' should appear on page and nothing else  # org.example.step_definitions.CategoriesDropdown_Steps.only_should_appear_on_page_and_nothing_else(java.lang.Integer,java.lang.String)
      java.lang.AssertionError: expected [true] but found [false]
	at org.testng.Assert.fail(Assert.java:111)
	at org.testng.Assert.failNotEquals(Assert.java:1578)
	at org.testng.Assert.assertTrue(Assert.java:57)
	at org.testng.Assert.assertTrue(Assert.java:67)
	at org.example.step_definitions.CategoriesDropdown_Steps.only_should_appear_on_page_and_nothing_else(CategoriesDropdown_Steps.java:55)
	at âœ½.only 2 'Screwdrivers' should appear on page and nothing else(file:///C:/Users/Panonit/Desktop/cucumber-demo-webapp/src/test/resources/features/Categories.feature:8)


    Embedding screenshot [image/png 136347 bytes]

]]></system-out>
  </testcase>
  <testcase name="runScenario[&quot;Searching Hand Tools by Category&quot;, &quot;Categories dropwdown scenarios&quot;](5)" classname="org.example.runner.CucumberRunnerTests1" time="14.644">
    <failure message="expected [true] but found [false]" type="java.lang.AssertionError"><![CDATA[java.lang.AssertionError: expected [true] but found [false]
	at org.testng.Assert.fail(Assert.java:111)
	at org.testng.Assert.failNotEquals(Assert.java:1578)
	at org.testng.Assert.assertTrue(Assert.java:57)
	at org.testng.Assert.assertTrue(Assert.java:67)
	at org.example.step_definitions.CategoriesDropdown_Steps.only_should_appear_on_page_and_nothing_else(CategoriesDropdown_Steps.java:55)
	at ✽.only 5 'Pilers' should appear on page and nothing else(file:///C:/Users/Panonit/Desktop/cucumber-demo-webapp/src/test/resources/features/Categories.feature:8)
]]></failure>
    <system-out><![CDATA[
Scenario Outline: Searching Hand Tools by Category                   # src/test/resources/features/Categories.feature:16
14:20:19.715 [TestNG-PoolService-1] DEBUG io.github.bonigarcia.wdm.WebDriverManager -- Using WebDriverManager 5.6.3
14:20:19.730 [TestNG-PoolService-1] DEBUG io.github.bonigarcia.wdm.cache.ResolutionCache -- Resolution chrome=121 in cache (valid until 14:34:53 09/02/2024 CET)
14:20:19.731 [TestNG-PoolService-1] DEBUG io.github.bonigarcia.wdm.cache.ResolutionCache -- Resolution chrome121=121.0.6167.85 in cache (valid until 13:34:53 10/02/2024 CET)
14:20:19.731 [TestNG-PoolService-1] INFO io.github.bonigarcia.wdm.WebDriverManager -- Using chromedriver 121.0.6167.85 (resolved driver for Chrome 121)
14:20:19.744 [TestNG-PoolService-1] DEBUG io.github.bonigarcia.wdm.WebDriverManager -- Driver chromedriver 121.0.6167.85 found in cache
14:20:19.745 [TestNG-PoolService-1] INFO io.github.bonigarcia.wdm.WebDriverManager -- Exporting webdriver.chrome.driver as C:\Users\Panonit\.cache\selenium\chromedriver\win64\121.0.6167.85\chromedriver.exe
  Given I am on the Home Page                                        # org.example.step_definitions.CategoriesDropdown_Steps.i_am_on_the_home_page()
  When I click on the Categories button and pick Hand Tools Category # org.example.step_definitions.CategoriesDropdown_Steps.i_click_on_the_categories_button_and_pick_hand_tools_category()
  And Pick 'Pilers' Category                                         # org.example.step_definitions.CategoriesDropdown_Steps.pick_category(java.lang.String)
  Then only 5 'Pilers' should appear on page and nothing else        # org.example.step_definitions.CategoriesDropdown_Steps.only_should_appear_on_page_and_nothing_else(java.lang.Integer,java.lang.String)
      java.lang.AssertionError: expected [true] but found [false]
	at org.testng.Assert.fail(Assert.java:111)
	at org.testng.Assert.failNotEquals(Assert.java:1578)
	at org.testng.Assert.assertTrue(Assert.java:57)
	at org.testng.Assert.assertTrue(Assert.java:67)
	at org.example.step_definitions.CategoriesDropdown_Steps.only_should_appear_on_page_and_nothing_else(CategoriesDropdown_Steps.java:55)
	at âœ½.only 5 'Pilers' should appear on page and nothing else(file:///C:/Users/Panonit/Desktop/cucumber-demo-webapp/src/test/resources/features/Categories.feature:8)


    Embedding screenshot [image/png 530705 bytes]

]]></system-out>
  </testcase>
  <testcase name="runScenario[&quot;Searching Hand Tools by Category&quot;, &quot;Categories dropwdown scenarios&quot;](6)" classname="org.example.runner.CucumberRunnerTests1" time="14.126">
    <system-out><![CDATA[
Scenario Outline: Searching Hand Tools by Category                   # src/test/resources/features/Categories.feature:17
14:20:34.383 [TestNG-PoolService-1] DEBUG io.github.bonigarcia.wdm.WebDriverManager -- Using WebDriverManager 5.6.3
14:20:34.403 [TestNG-PoolService-1] DEBUG io.github.bonigarcia.wdm.cache.ResolutionCache -- Resolution chrome=121 in cache (valid until 14:34:53 09/02/2024 CET)
14:20:34.404 [TestNG-PoolService-1] DEBUG io.github.bonigarcia.wdm.cache.ResolutionCache -- Resolution chrome121=121.0.6167.85 in cache (valid until 13:34:53 10/02/2024 CET)
14:20:34.404 [TestNG-PoolService-1] INFO io.github.bonigarcia.wdm.WebDriverManager -- Using chromedriver 121.0.6167.85 (resolved driver for Chrome 121)
14:20:34.419 [TestNG-PoolService-1] DEBUG io.github.bonigarcia.wdm.WebDriverManager -- Driver chromedriver 121.0.6167.85 found in cache
14:20:34.420 [TestNG-PoolService-1] INFO io.github.bonigarcia.wdm.WebDriverManager -- Exporting webdriver.chrome.driver as C:\Users\Panonit\.cache\selenium\chromedriver\win64\121.0.6167.85\chromedriver.exe
  Given I am on the Home Page                                        # org.example.step_definitions.CategoriesDropdown_Steps.i_am_on_the_home_page()
  When I click on the Categories button and pick Hand Tools Category # org.example.step_definitions.CategoriesDropdown_Steps.i_click_on_the_categories_button_and_pick_hand_tools_category()
  And Pick 'Chisels' Category                                        # org.example.step_definitions.CategoriesDropdown_Steps.pick_category(java.lang.String)
  Then only 3 'Chisels' should appear on page and nothing else       # org.example.step_definitions.CategoriesDropdown_Steps.only_should_appear_on_page_and_nothing_else(java.lang.Integer,java.lang.String)
]]></system-out>
  </testcase>
  <testcase name="runScenario[&quot;Searching Hand Tools by Category&quot;, &quot;Categories dropwdown scenarios&quot;](7)" classname="org.example.runner.CucumberRunnerTests1" time="14.487">
    <failure message="expected [true] but found [false]" type="java.lang.AssertionError"><![CDATA[java.lang.AssertionError: expected [true] but found [false]
	at org.testng.Assert.fail(Assert.java:111)
	at org.testng.Assert.failNotEquals(Assert.java:1578)
	at org.testng.Assert.assertTrue(Assert.java:57)
	at org.testng.Assert.assertTrue(Assert.java:67)
	at org.example.step_definitions.CategoriesDropdown_Steps.only_should_appear_on_page_and_nothing_else(CategoriesDropdown_Steps.java:55)
	at ✽.only 4 'Measures' should appear on page and nothing else(file:///C:/Users/Panonit/Desktop/cucumber-demo-webapp/src/test/resources/features/Categories.feature:8)
]]></failure>
    <system-out><![CDATA[
Scenario Outline: Searching Hand Tools by Category                   # src/test/resources/features/Categories.feature:18
14:20:48.498 [TestNG-PoolService-1] DEBUG io.github.bonigarcia.wdm.WebDriverManager -- Using WebDriverManager 5.6.3
14:20:48.529 [TestNG-PoolService-1] DEBUG io.github.bonigarcia.wdm.cache.ResolutionCache -- Resolution chrome=121 in cache (valid until 14:34:53 09/02/2024 CET)
14:20:48.530 [TestNG-PoolService-1] DEBUG io.github.bonigarcia.wdm.cache.ResolutionCache -- Resolution chrome121=121.0.6167.85 in cache (valid until 13:34:53 10/02/2024 CET)
14:20:48.531 [TestNG-PoolService-1] INFO io.github.bonigarcia.wdm.WebDriverManager -- Using chromedriver 121.0.6167.85 (resolved driver for Chrome 121)
14:20:48.543 [TestNG-PoolService-1] DEBUG io.github.bonigarcia.wdm.WebDriverManager -- Driver chromedriver 121.0.6167.85 found in cache
14:20:48.544 [TestNG-PoolService-1] INFO io.github.bonigarcia.wdm.WebDriverManager -- Exporting webdriver.chrome.driver as C:\Users\Panonit\.cache\selenium\chromedriver\win64\121.0.6167.85\chromedriver.exe
  Given I am on the Home Page                                        # org.example.step_definitions.CategoriesDropdown_Steps.i_am_on_the_home_page()
  When I click on the Categories button and pick Hand Tools Category # org.example.step_definitions.CategoriesDropdown_Steps.i_click_on_the_categories_button_and_pick_hand_tools_category()
  And Pick 'Measures' Category                                       # org.example.step_definitions.CategoriesDropdown_Steps.pick_category(java.lang.String)
  Then only 4 'Measures' should appear on page and nothing else      # org.example.step_definitions.CategoriesDropdown_Steps.only_should_appear_on_page_and_nothing_else(java.lang.Integer,java.lang.String)
      java.lang.AssertionError: expected [true] but found [false]
	at org.testng.Assert.fail(Assert.java:111)
	at org.testng.Assert.failNotEquals(Assert.java:1578)
	at org.testng.Assert.assertTrue(Assert.java:57)
	at org.testng.Assert.assertTrue(Assert.java:67)
	at org.example.step_definitions.CategoriesDropdown_Steps.only_should_appear_on_page_and_nothing_else(CategoriesDropdown_Steps.java:55)
	at âœ½.only 4 'Measures' should appear on page and nothing else(file:///C:/Users/Panonit/Desktop/cucumber-demo-webapp/src/test/resources/features/Categories.feature:8)


    Embedding screenshot [image/png 391086 bytes]

]]></system-out>
  </testcase>
</testsuite>